09:36:28.846 [main] INFO  util.DbUtils - init jdbc template: jdbc:mysql://localhost:3306/registros
09:36:29.153 [main] ERROR com.intuit.karate - classpath:resources/exampleRest/connectDb.feature:10
And def usuarios = db.readRows('SELECT * FROM usuarios')
js failed:
>>>>
01: db.readRows('SELECT * FROM usuarios')
<<<<
org.graalvm.polyglot.PolyglotException: Failed to obtain JDBC Connection
- org.springframework.jdbc.datasource.DataSourceUtils.getConnection(DataSourceUtils.java:84)
- org.springframework.jdbc.core.JdbcTemplate.execute(JdbcTemplate.java:388)
- org.springframework.jdbc.core.JdbcTemplate.query(JdbcTemplate.java:476)
- org.springframework.jdbc.core.JdbcTemplate.query(JdbcTemplate.java:486)
- org.springframework.jdbc.core.JdbcTemplate.queryForList(JdbcTemplate.java:536)
- util.DbUtils.readRows(DbUtils.java:38)
- <js>.:program(Unnamed:1)

classpath:resources/exampleRest/connectDb.feature:10
09:44:41.663 [main] INFO  util.DbUtils - init jdbc template: jdbc:mysql://localhost:3306/registros
09:44:41.956 [main] ERROR com.intuit.karate - classpath:resources/exampleRest/connectDb.feature:10
And def usuarios = db.readRows('SELECT * FROM usuarios')
js failed:
>>>>
01: db.readRows('SELECT * FROM usuarios')
<<<<
org.graalvm.polyglot.PolyglotException: Failed to obtain JDBC Connection
- org.springframework.jdbc.datasource.DataSourceUtils.getConnection(DataSourceUtils.java:84)
- org.springframework.jdbc.core.JdbcTemplate.execute(JdbcTemplate.java:388)
- org.springframework.jdbc.core.JdbcTemplate.query(JdbcTemplate.java:476)
- org.springframework.jdbc.core.JdbcTemplate.query(JdbcTemplate.java:486)
- org.springframework.jdbc.core.JdbcTemplate.queryForList(JdbcTemplate.java:536)
- util.DbUtils.readRows(DbUtils.java:38)
- <js>.:program(Unnamed:1)

classpath:resources/exampleRest/connectDb.feature:10
09:46:58.436 [main] INFO  util.DbUtils - init jdbc template: jdbc:mysql://localhost:3306/registros
09:46:58.722 [main] ERROR com.intuit.karate - classpath:resources/exampleRest/connectDb.feature:10
And def usuarios = db.readRows('SELECT * FROM usuarios')
js failed:
>>>>
01: db.readRows('SELECT * FROM usuarios')
<<<<
org.graalvm.polyglot.PolyglotException: Failed to obtain JDBC Connection
- org.springframework.jdbc.datasource.DataSourceUtils.getConnection(DataSourceUtils.java:84)
- org.springframework.jdbc.core.JdbcTemplate.execute(JdbcTemplate.java:388)
- org.springframework.jdbc.core.JdbcTemplate.query(JdbcTemplate.java:476)
- org.springframework.jdbc.core.JdbcTemplate.query(JdbcTemplate.java:486)
- org.springframework.jdbc.core.JdbcTemplate.queryForList(JdbcTemplate.java:536)
- util.DbUtils.readRows(DbUtils.java:38)
- <js>.:program(Unnamed:1)

classpath:resources/exampleRest/connectDb.feature:10
09:53:38.829 [main] ERROR com.intuit.karate - classpath:resources/exampleRest/connectDb.feature:7
And def db = new DBUtils(config)
js failed:
>>>>
01: new DBUtils(config)
<<<<
org.graalvm.polyglot.PolyglotException: Could not load JDBC driver class [com.mysql.cj.jdbc.Driver]
- org.springframework.jdbc.datasource.DriverManagerDataSource.setDriverClassName(DriverManagerDataSource.java:131)
- util.DbUtils.<init>(DbUtils.java:21)
- <js>.:program(Unnamed:1)

classpath:resources/exampleRest/connectDb.feature:7
09:56:35.549 [main] ERROR com.intuit.karate - classpath:resources/exampleRest/connectDb.feature:8
* def DBUtils = Java.type('connectDB.DbUtils')
js failed:
>>>>
01: Java.type('connectDB.DbUtils')
<<<<
org.graalvm.polyglot.PolyglotException: TypeError: Access to host class connectDB.DbUtils is not allowed or does not exist.
- <js>.:program(Unnamed:1)

classpath:resources/exampleRest/connectDb.feature:8
09:57:06.699 [main] ERROR com.intuit.karate - classpath:resources/exampleRest/connectDb.feature:8
* def DBUtils = Java.type('connectDb.DbUtils')
js failed:
>>>>
01: Java.type('connectDb.DbUtils')
<<<<
org.graalvm.polyglot.PolyglotException: TypeError: Access to host class connectDb.DbUtils is not allowed or does not exist.
- <js>.:program(Unnamed:1)

classpath:resources/exampleRest/connectDb.feature:8
09:57:38.244 [main] ERROR com.intuit.karate - classpath:resources/exampleRest/connectDb.feature:7
And def db = new DBUtils(config)
js failed:
>>>>
01: new DBUtils(config)
<<<<
org.graalvm.polyglot.PolyglotException: Could not load JDBC driver class [com.mysql.cj.jdbc.Driver]
- org.springframework.jdbc.datasource.DriverManagerDataSource.setDriverClassName(DriverManagerDataSource.java:131)
- util.DbUtils.<init>(DbUtils.java:21)
- <js>.:program(Unnamed:1)

classpath:resources/exampleRest/connectDb.feature:7
09:58:58.976 [main] ERROR com.intuit.karate - classpath:resources/exampleRest/connectDb.feature:7
And def db = new DBUtils(config)
js failed:
>>>>
01: new DBUtils(config)
<<<<
org.graalvm.polyglot.PolyglotException: Could not load JDBC driver class [com.mysql.cj.jdbc.Driver]
- org.springframework.jdbc.datasource.DriverManagerDataSource.setDriverClassName(DriverManagerDataSource.java:131)
- util.DbUtils.<init>(DbUtils.java:21)
- <js>.:program(Unnamed:1)

classpath:resources/exampleRest/connectDb.feature:7
10:01:29.330 [main] INFO  util.DbUtils - init jdbc template: jdbc:mysql://localhost:3306/registros
10:01:29.506 [main] ERROR com.intuit.karate - classpath:resources/exampleRest/connectDb.feature:10
And def usuarios = db.readRows('SELECT * FROM usuarios')
js failed:
>>>>
01: db.readRows('SELECT * FROM usuarios')
<<<<
org.graalvm.polyglot.PolyglotException: Failed to obtain JDBC Connection; nested exception is java.sql.SQLSyntaxErrorException: Unknown database 'registros'
- org.springframework.jdbc.datasource.DataSourceUtils.getConnection(DataSourceUtils.java:83)
- org.springframework.jdbc.core.JdbcTemplate.execute(JdbcTemplate.java:376)
- org.springframework.jdbc.core.JdbcTemplate.query(JdbcTemplate.java:465)
- org.springframework.jdbc.core.JdbcTemplate.query(JdbcTemplate.java:475)
- org.springframework.jdbc.core.JdbcTemplate.queryForList(JdbcTemplate.java:525)
- util.DbUtils.readRows(DbUtils.java:38)
- <js>.:program(Unnamed:1)

classpath:resources/exampleRest/connectDb.feature:10
10:03:04.990 [main] INFO  util.DbUtils - init jdbc template: jdbc:mysql://localhost:3306/regitros
10:03:05.164 [main] ERROR com.intuit.karate - classpath:resources/exampleRest/connectDb.feature:10
And def usuarios = db.readRows('SELECT * FROM usuarios')
js failed:
>>>>
01: db.readRows('SELECT * FROM usuarios')
<<<<
org.graalvm.polyglot.PolyglotException: Failed to obtain JDBC Connection; nested exception is java.sql.SQLSyntaxErrorException: Unknown database 'regitros'
- org.springframework.jdbc.datasource.DataSourceUtils.getConnection(DataSourceUtils.java:83)
- org.springframework.jdbc.core.JdbcTemplate.execute(JdbcTemplate.java:376)
- org.springframework.jdbc.core.JdbcTemplate.query(JdbcTemplate.java:465)
- org.springframework.jdbc.core.JdbcTemplate.query(JdbcTemplate.java:475)
- org.springframework.jdbc.core.JdbcTemplate.queryForList(JdbcTemplate.java:525)
- util.DbUtils.readRows(DbUtils.java:38)
- <js>.:program(Unnamed:1)

classpath:resources/exampleRest/connectDb.feature:10
10:03:28.222 [main] INFO  util.DbUtils - init jdbc template: jdbc:mysql://localhost:3306/resgitros
10:03:28.440 [main] INFO  com.intuit.karate - [print] Usuarios: [
  {
    "ID": 1,
    "nombre": "William",
    "apellido": "Sanchez",
    "usuario": "lechero",
    "password": "lechero123"
  }
]
 
10:12:53.384 [main] INFO  util.DbUtils - init jdbc template: jdbc:mysql://localhost:3306/northwind
10:12:53.582 [main] INFO  com.intuit.karate - [print] Usuarios: [
  {
    "CustomerID": 1,
    "CustomerName": "Alfreds Futterkiste",
    "ContactName": "Maria Anders",
    "Address": "Obere Str. 57",
    "City": "Berlin",
    "PostalCode": "12209",
    "Country": "Germany"
  },
  {
    "CustomerID": 2,
    "CustomerName": "Ana Trujillo Emparedados y helados",
    "ContactName": "Ana Trujillo",
    "Address": "Avda. de la Constitución 2222",
    "City": "México D.F.",
    "PostalCode": "5021",
    "Country": "Mexico"
  },
  {
    "CustomerID": 3,
    "CustomerName": "Antonio Moreno Taquería",
    "ContactName": "Antonio Moreno",
    "Address": "Mataderos 2312",
    "City": "México D.F.",
    "PostalCode": "5023",
    "Country": "Mexico"
  },
  {
    "CustomerID": 4,
    "CustomerName": "Around the Horn",
    "ContactName": "Thomas Hardy",
    "Address": "120 Hanover Sq.",
    "City": "London",
    "PostalCode": "WA1 1DP",
    "Country": "UK"
  },
  {
    "CustomerID": 5,
    "CustomerName": "Berglunds snabbköp",
    "ContactName": "Christina Berglund",
    "Address": "Berguvsvägen 8",
    "City": "Luleå",
    "PostalCode": "S-958 22",
    "Country": "Sweden"
  },
  {
    "CustomerID": 6,
    "CustomerName": "Blauer See Delikatessen",
    "ContactName": "Hanna Moos",
    "Address": "Forsterstr. 57",
    "City": "Mannheim",
    "PostalCode": "68306",
    "Country": "Germany"
  },
  {
    "CustomerID": 7,
    "CustomerName": "Blondel père et fils",
    "ContactName": "Frédérique Citeaux",
    "Address": "24, place Kléber",
    "City": "Strasbourg",
    "PostalCode": "67000",
    "Country": "France"
  },
  {
    "CustomerID": 8,
    "CustomerName": "Bólido Comidas preparadas",
    "ContactName": "Martín Sommer",
    "Address": "C/ Araquil, 67",
    "City": "Madrid",
    "PostalCode": "28023",
    "Country": "Spain"
  },
  {
    "CustomerID": 9,
    "CustomerName": "Bon app''",
    "ContactName": "Laurence Lebihans",
    "Address": "12, rue des Bouchers",
    "City": "Marseille",
    "PostalCode": "13008",
    "Country": "France"
  },
  {
    "CustomerID": 10,
    "CustomerName": "Bottom-Dollar Marketse",
    "ContactName": "Elizabeth Lincoln",
    "Address": "23 Tsawassen Blvd.",
    "City": "Tsawassen",
    "PostalCode": "T2F 8M4",
    "Country": "Canada"
  },
  {
    "CustomerID": 11,
    "CustomerName": "B''s Beverages",
    "ContactName": "Victoria Ashworth",
    "Address": "Fauntleroy Circus",
    "City": "London",
    "PostalCode": "EC2 5NT",
    "Country": "UK"
  },
  {
    "CustomerID": 12,
    "CustomerName": "Cactus Comidas para llevar",
    "ContactName": "Patricio Simpson",
    "Address": "Cerrito 333",
    "City": "Buenos Aires",
    "PostalCode": "1010",
    "Country": "Argentina"
  },
  {
    "CustomerID": 13,
    "CustomerName": "Centro comercial Moctezuma",
    "ContactName": "Francisco Chang",
    "Address": "Sierras de Granada 9993",
    "City": "México D.F.",
    "PostalCode": "5022",
    "Country": "Mexico"
  },
  {
    "CustomerID": 14,
    "CustomerName": "Chop-suey Chinese",
    "ContactName": "Yang Wang",
    "Address": "Hauptstr. 29",
    "City": "Bern",
    "PostalCode": "3012",
    "Country": "Switzerland"
  },
  {
    "CustomerID": 15,
    "CustomerName": "Comércio Mineiro",
    "ContactName": "Pedro Afonso",
    "Address": "Av. dos Lusíadas, 23",
    "City": "São Paulo",
    "PostalCode": "05432-043",
    "Country": "Brazil"
  },
  {
    "CustomerID": 16,
    "CustomerName": "Consolidated Holdings",
    "ContactName": "Elizabeth Brown",
    "Address": "Berkeley Gardens 12 Brewery",
    "City": "London",
    "PostalCode": "WX1 6LT",
    "Country": "UK"
  },
  {
    "CustomerID": 17,
    "CustomerName": "Drachenblut Delikatessend",
    "ContactName": "Sven Ottlieb",
    "Address": "Walserweg 21",
    "City": "Aachen",
    "PostalCode": "52066",
    "Country": "Germany"
  },
  {
    "CustomerID": 18,
    "CustomerName": "Du monde entier",
    "ContactName": "Janine Labrune",
    "Address": "67, rue des Cinquante Otages",
    "City": "Nantes",
    "PostalCode": "44000",
    "Country": "France"
  },
  {
    "CustomerID": 19,
    "CustomerName": "Eastern Connection",
    "ContactName": "Ann Devon",
    "Address": "35 King George",
    "City": "London",
    "PostalCode": "WX3 6FW",
    "Country": "UK"
  },
  {
    "CustomerID": 20,
    "CustomerName": "Ernst Handel",
    "ContactName": "Roland Mendel",
    "Address": "Kirchgasse 6",
    "City": "Graz",
    "PostalCode": "8010",
    "Country": "Austria"
  },
  {
    "CustomerID": 21,
    "CustomerName": "Familia Arquibaldo",
    "ContactName": "Aria Cruz",
    "Address": "Rua Orós, 92",
    "City": "São Paulo",
    "PostalCode": "05442-030",
    "Country": "Brazil"
  },
  {
    "CustomerID": 22,
    "CustomerName": "FISSA Fabrica Inter. Salchichas S.A.",
    "ContactName": "Diego Roel",
    "Address": "C/ Moralzarzal, 86",
    "City": "Madrid",
    "PostalCode": "28034",
    "Country": "Spain"
  },
  {
    "CustomerID": 23,
    "CustomerName": "Folies gourmandes",
    "ContactName": "Martine Rancé",
    "Address": "184, chaussée de Tournai",
    "City": "Lille",
    "PostalCode": "59000",
    "Country": "France"
  },
  {
    "CustomerID": 24,
    "CustomerName": "Folk och fä HB",
    "ContactName": "Maria Larsson",
    "Address": "Åkergatan 24",
    "City": "Bräcke",
    "PostalCode": "S-844 67",
    "Country": "Sweden"
  },
  {
    "CustomerID": 25,
    "CustomerName": "Frankenversand",
    "ContactName": "Peter Franken",
    "Address": "Berliner Platz 43",
    "City": "München",
    "PostalCode": "80805",
    "Country": "Germany"
  },
  {
    "CustomerID": 26,
    "CustomerName": "France restauration",
    "ContactName": "Carine Schmitt",
    "Address": "54, rue Royale",
    "City": "Nantes",
    "PostalCode": "44000",
    "Country": "France"
  },
  {
    "CustomerID": 27,
    "CustomerName": "Franchi S.p.A.",
    "ContactName": "Paolo Accorti",
    "Address": "Via Monte Bianco 34",
    "City": "Torino",
    "PostalCode": "10100",
    "Country": "Italy"
  },
  {
    "CustomerID": 28,
    "CustomerName": "Furia Bacalhau e Frutos do Mar",
    "ContactName": "Lino Rodriguez",
    "Address": "Jardim das rosas n. 32",
    "City": "Lisboa",
    "PostalCode": "1675",
    "Country": "Portugal"
  },
  {
    "CustomerID": 29,
    "CustomerName": "Galería del gastrónomo",
    "ContactName": "Eduardo Saavedra",
    "Address": "Rambla de Cataluña, 23",
    "City": "Barcelona",
    "PostalCode": "8022",
    "Country": "Spain"
  },
  {
    "CustomerID": 30,
    "CustomerName": "Godos Cocina Típica",
    "ContactName": "José Pedro Freyre",
    "Address": "C/ Romero, 33",
    "City": "Sevilla",
    "PostalCode": "41101",
    "Country": "Spain"
  },
  {
    "CustomerID": 31,
    "CustomerName": "Gourmet Lanchonetes",
    "ContactName": "André Fonseca",
    "Address": "Av. Brasil, 442",
    "City": "Campinas",
    "PostalCode": "04876-786",
    "Country": "Brazil"
  },
  {
    "CustomerID": 32,
    "CustomerName": "Great Lakes Food Market",
    "ContactName": "Howard Snyder",
    "Address": "2732 Baker Blvd.",
    "City": "Eugene",
    "PostalCode": "97403",
    "Country": "USA"
  },
  {
    "CustomerID": 33,
    "CustomerName": "GROSELLA-Restaurante",
    "ContactName": "Manuel Pereira",
    "Address": "5ª Ave. Los Palos Grandes",
    "City": "Caracas",
    "PostalCode": "1081",
    "Country": "Venezuela"
  },
  {
    "CustomerID": 34,
    "CustomerName": "Hanari Carnes",
    "ContactName": "Mario Pontes",
    "Address": "Rua do Paço, 67",
    "City": "Rio de Janeiro",
    "PostalCode": "05454-876",
    "Country": "Brazil"
  },
  {
    "CustomerID": 35,
    "CustomerName": "HILARIÓN-Abastos",
    "ContactName": "Carlos Hernández",
    "Address": "Carrera 22 con Ave. Carlos Soublette #8-35",
    "City": "San Cristóbal",
    "PostalCode": "5022",
    "Country": "Venezuela"
  },
  {
    "CustomerID": 36,
    "CustomerName": "Hungry Coyote Import Store",
    "ContactName": "Yoshi Latimer",
    "Address": "City Center Plaza 516 Main St.",
    "City": "Elgin",
    "PostalCode": "97827",
    "Country": "USA"
  },
  {
    "CustomerID": 37,
    "CustomerName": "Hungry Owl All-Night Grocers",
    "ContactName": "Patricia McKenna",
    "Address": "8 Johnstown Road",
    "City": "Cork",
    "PostalCode": "",
    "Country": "Ireland"
  },
  {
    "CustomerID": 38,
    "CustomerName": "Island Trading",
    "ContactName": "Helen Bennett",
    "Address": "Garden House Crowther Way",
    "City": "Cowes",
    "PostalCode": "PO31 7PJ",
    "Country": "UK"
  },
  {
    "CustomerID": 39,
    "CustomerName": "Königlich Essen",
    "ContactName": "Philip Cramer",
    "Address": "Maubelstr. 90",
    "City": "Brandenburg",
    "PostalCode": "14776",
    "Country": "Germany"
  },
  {
    "CustomerID": 40,
    "CustomerName": "La corne d''abondance",
    "ContactName": "Daniel Tonini",
    "Address": "67, avenue de l''Europe",
    "City": "Versailles",
    "PostalCode": "78000",
    "Country": "France"
  },
  {
    "CustomerID": 41,
    "CustomerName": "La maison d''Asie",
    "ContactName": "Annette Roulet",
    "Address": "1 rue Alsace-Lorraine",
    "City": "Toulouse",
    "PostalCode": "31000",
    "Country": "France"
  },
  {
    "CustomerID": 42,
    "CustomerName": "Laughing Bacchus Wine Cellars",
    "ContactName": "Yoshi Tannamuri",
    "Address": "1900 Oak St.",
    "City": "Vancouver",
    "PostalCode": "V3F 2K1",
    "Country": "Canada"
  },
  {
    "CustomerID": 43,
    "CustomerName": "Lazy K Kountry Store",
    "ContactName": "John Steel",
    "Address": "12 Orchestra Terrace",
    "City": "Walla Walla",
    "PostalCode": "99362",
    "Country": "USA"
  },
  {
    "CustomerID": 44,
    "CustomerName": "Lehmanns Marktstand",
    "ContactName": "Renate Messner",
    "Address": "Magazinweg 7",
    "City": "Frankfurt a.M.",
    "PostalCode": "60528",
    "Country": "Germany"
  },
  {
    "CustomerID": 45,
    "CustomerName": "Let''s Stop N Shop",
    "ContactName": "Jaime Yorres",
    "Address": "87 Polk St. Suite 5",
    "City": "San Francisco",
    "PostalCode": "94117",
    "Country": "USA"
  },
  {
    "CustomerID": 46,
    "CustomerName": "LILA-Supermercado",
    "ContactName": "Carlos González",
    "Address": "Carrera 52 con Ave. Bolívar #65-98 Llano Largo",
    "City": "Barquisimeto",
    "PostalCode": "3508",
    "Country": "Venezuela"
  },
  {
    "CustomerID": 47,
    "CustomerName": "LINO-Delicateses",
    "ContactName": "Felipe Izquierdo",
    "Address": "Ave. 5 de Mayo Porlamar",
    "City": "I. de Margarita",
    "PostalCode": "4980",
    "Country": "Venezuela"
  },
  {
    "CustomerID": 48,
    "CustomerName": "Lonesome Pine Restaurant",
    "ContactName": "Fran Wilson",
    "Address": "89 Chiaroscuro Rd.",
    "City": "Portland",
    "PostalCode": "97219",
    "Country": "USA"
  },
  {
    "CustomerID": 49,
    "CustomerName": "Magazzini Alimentari Riuniti",
    "ContactName": "Giovanni Rovelli",
    "Address": "Via Ludovico il Moro 22",
    "City": "Bergamo",
    "PostalCode": "24100",
    "Country": "Italy"
  },
  {
    "CustomerID": 50,
    "CustomerName": "Maison Dewey",
    "ContactName": "Catherine Dewey",
    "Address": "Rue Joseph-Bens 532",
    "City": "Bruxelles",
    "PostalCode": "B-1180",
    "Country": "Belgium"
  },
  {
    "CustomerID": 51,
    "CustomerName": "Mère Paillarde",
    "ContactName": "Jean Fresnière",
    "Address": "43 rue St. Laurent",
    "City": "Montréal",
    "PostalCode": "H1J 1C3",
    "Country": "Canada"
  },
  {
    "CustomerID": 52,
    "CustomerName": "Morgenstern Gesundkost",
    "ContactName": "Alexander Feuer",
    "Address": "Heerstr. 22",
    "City": "Leipzig",
    "PostalCode": "4179",
    "Country": "Germany"
  },
  {
    "CustomerID": 53,
    "CustomerName": "North/South",
    "ContactName": "Simon Crowther",
    "Address": "South House 300 Queensbridge",
    "City": "London",
    "PostalCode": "SW7 1RZ",
    "Country": "UK"
  },
  {
    "CustomerID": 54,
    "CustomerName": "Océano Atlántico Ltda.",
    "ContactName": "Yvonne Moncada",
    "Address": "Ing. Gustavo Moncada 8585 Piso 20-A",
    "City": "Buenos Aires",
    "PostalCode": "1010",
    "Country": "Argentina"
  },
  {
    "CustomerID": 55,
    "CustomerName": "Old World Delicatessen",
    "ContactName": "Rene Phillips",
    "Address": "2743 Bering St.",
    "City": "Anchorage",
    "PostalCode": "99508",
    "Country": "USA"
  },
  {
    "CustomerID": 56,
    "CustomerName": "Ottilies Käseladen",
    "ContactName": "Henriette Pfalzheim",
    "Address": "Mehrheimerstr. 369",
    "City": "Köln",
    "PostalCode": "50739",
    "Country": "Germany"
  },
  {
    "CustomerID": 57,
    "CustomerName": "Paris spécialités",
    "ContactName": "Marie Bertrand",
    "Address": "265, boulevard Charonne",
    "City": "Paris",
    "PostalCode": "75012",
    "Country": "France"
  },
  {
    "CustomerID": 58,
    "CustomerName": "Pericles Comidas clásicas",
    "ContactName": "Guillermo Fernández",
    "Address": "Calle Dr. Jorge Cash 321",
    "City": "México D.F.",
    "PostalCode": "5033",
    "Country": "Mexico"
  },
  {
    "CustomerID": 59,
    "CustomerName": "Piccolo und mehr",
    "ContactName": "Georg Pipps",
    "Address": "Geislweg 14",
    "City": "Salzburg",
    "PostalCode": "5020",
    "Country": "Austria"
  },
  {
    "CustomerID": 60,
    "CustomerName": "Princesa Isabel Vinhoss",
    "ContactName": "Isabel de Castro",
    "Address": "Estrada da saúde n. 58",
    "City": "Lisboa",
    "PostalCode": "1756",
    "Country": "Portugal"
  },
  {
    "CustomerID": 61,
    "CustomerName": "Que Delícia",
    "ContactName": "Bernardo Batista",
    "Address": "Rua da Panificadora, 12",
    "City": "Rio de Janeiro",
    "PostalCode": "02389-673",
    "Country": "Brazil"
  },
  {
    "CustomerID": 62,
    "CustomerName": "Queen Cozinha",
    "ContactName": "Lúcia Carvalho",
    "Address": "Alameda dos Canàrios, 891",
    "City": "São Paulo",
    "PostalCode": "05487-020",
    "Country": "Brazil"
  },
  {
    "CustomerID": 63,
    "CustomerName": "QUICK-Stop",
    "ContactName": "Horst Kloss",
    "Address": "Taucherstraße 10",
    "City": "Cunewalde",
    "PostalCode": "1307",
    "Country": "Germany"
  },
  {
    "CustomerID": 64,
    "CustomerName": "Rancho grande",
    "ContactName": "Sergio Gutiérrez",
    "Address": "Av. del Libertador 900",
    "City": "Buenos Aires",
    "PostalCode": "1010",
    "Country": "Argentina"
  },
  {
    "CustomerID": 65,
    "CustomerName": "Rattlesnake Canyon Grocery",
    "ContactName": "Paula Wilson",
    "Address": "2817 Milton Dr.",
    "City": "Albuquerque",
    "PostalCode": "87110",
    "Country": "USA"
  },
  {
    "CustomerID": 66,
    "CustomerName": "Reggiani Caseifici",
    "ContactName": "Maurizio Moroni",
    "Address": "Strada Provinciale 124",
    "City": "Reggio Emilia",
    "PostalCode": "42100",
    "Country": "Italy"
  },
  {
    "CustomerID": 67,
    "CustomerName": "Ricardo Adocicados",
    "ContactName": "Janete Limeira",
    "Address": "Av. Copacabana, 267",
    "City": "Rio de Janeiro",
    "PostalCode": "02389-890",
    "Country": "Brazil"
  },
  {
    "CustomerID": 68,
    "CustomerName": "Richter Supermarkt",
    "ContactName": "Michael Holz",
    "Address": "Grenzacherweg 237",
    "City": "Genève",
    "PostalCode": "1203",
    "Country": "Switzerland"
  },
  {
    "CustomerID": 69,
    "CustomerName": "Romero y tomillo",
    "ContactName": "Alejandra Camino",
    "Address": "Gran Vía, 1",
    "City": "Madrid",
    "PostalCode": "28001",
    "Country": "Spain"
  },
  {
    "CustomerID": 70,
    "CustomerName": "Santé Gourmet",
    "ContactName": "Jonas Bergulfsen",
    "Address": "Erling Skakkes gate 78",
    "City": "Stavern",
    "PostalCode": "4110",
    "Country": "Norway"
  },
  {
    "CustomerID": 71,
    "CustomerName": "Save-a-lot Markets",
    "ContactName": "Jose Pavarotti",
    "Address": "187 Suffolk Ln.",
    "City": "Boise",
    "PostalCode": "83720",
    "Country": "USA"
  },
  {
    "CustomerID": 72,
    "CustomerName": "Seven Seas Imports",
    "ContactName": "Hari Kumar",
    "Address": "90 Wadhurst Rd.",
    "City": "London",
    "PostalCode": "OX15 4NB",
    "Country": "UK"
  },
  {
    "CustomerID": 73,
    "CustomerName": "Simons bistro",
    "ContactName": "Jytte Petersen",
    "Address": "Vinbæltet 34",
    "City": "København",
    "PostalCode": "1734",
    "Country": "Denmark"
  },
  {
    "CustomerID": 74,
    "CustomerName": "Spécialités du monde",
    "ContactName": "Dominique Perrier",
    "Address": "25, rue Lauriston",
    "City": "Paris",
    "PostalCode": "75016",
    "Country": "France"
  },
  {
    "CustomerID": 75,
    "CustomerName": "Split Rail Beer & Ale",
    "ContactName": "Art Braunschweiger",
    "Address": "P.O. Box 555",
    "City": "Lander",
    "PostalCode": "82520",
    "Country": "USA"
  },
  {
    "CustomerID": 76,
    "CustomerName": "Suprêmes délices",
    "ContactName": "Pascale Cartrain",
    "Address": "Boulevard Tirou, 255",
    "City": "Charleroi",
    "PostalCode": "B-6000",
    "Country": "Belgium"
  },
  {
    "CustomerID": 77,
    "CustomerName": "The Big Cheese",
    "ContactName": "Liz Nixon",
    "Address": "89 Jefferson Way Suite 2",
    "City": "Portland",
    "PostalCode": "97201",
    "Country": "USA"
  },
  {
    "CustomerID": 78,
    "CustomerName": "The Cracker Box",
    "ContactName": "Liu Wong",
    "Address": "55 Grizzly Peak Rd.",
    "City": "Butte",
    "PostalCode": "59801",
    "Country": "USA"
  },
  {
    "CustomerID": 79,
    "CustomerName": "Toms Spezialitäten",
    "ContactName": "Karin Josephs",
    "Address": "Luisenstr. 48",
    "City": "Münster",
    "PostalCode": "44087",
    "Country": "Germany"
  },
  {
    "CustomerID": 80,
    "CustomerName": "Tortuga Restaurante",
    "ContactName": "Miguel Angel Paolino",
    "Address": "Avda. Azteca 123",
    "City": "México D.F.",
    "PostalCode": "5033",
    "Country": "Mexico"
  },
  {
    "CustomerID": 81,
    "CustomerName": "Tradição Hipermercados",
    "ContactName": "Anabela Domingues",
    "Address": "Av. Inês de Castro, 414",
    "City": "São Paulo",
    "PostalCode": "05634-030",
    "Country": "Brazil"
  },
  {
    "CustomerID": 82,
    "CustomerName": "Trail''s Head Gourmet Provisioners",
    "ContactName": "Helvetius Nagy",
    "Address": "722 DaVinci Blvd.",
    "City": "Kirkland",
    "PostalCode": "98034",
    "Country": "USA"
  },
  {
    "CustomerID": 83,
    "CustomerName": "Vaffeljernet",
    "ContactName": "Palle Ibsen",
    "Address": "Smagsløget 45",
    "City": "Århus",
    "PostalCode": "8200",
    "Country": "Denmark"
  },
  {
    "CustomerID": 84,
    "CustomerName": "Victuailles en stock",
    "ContactName": "Mary Saveley",
    "Address": "2, rue du Commerce",
    "City": "Lyon",
    "PostalCode": "69004",
    "Country": "France"
  },
  {
    "CustomerID": 85,
    "CustomerName": "Vins et alcools Chevalier",
    "ContactName": "Paul Henriot",
    "Address": "59 rue de l''Abbaye",
    "City": "Reims",
    "PostalCode": "51100",
    "Country": "France"
  },
  {
    "CustomerID": 86,
    "CustomerName": "Die Wandernde Kuh",
    "ContactName": "Rita Müller",
    "Address": "Adenauerallee 900",
    "City": "Stuttgart",
    "PostalCode": "70563",
    "Country": "Germany"
  },
  {
    "CustomerID": 87,
    "CustomerName": "Wartian Herkku",
    "ContactName": "Pirkko Koskitalo",
    "Address": "Torikatu 38",
    "City": "Oulu",
    "PostalCode": "90110",
    "Country": "Finland"
  },
  {
    "CustomerID": 88,
    "CustomerName": "Wellington Importadora",
    "ContactName": "Paula Parente",
    "Address": "Rua do Mercado, 12",
    "City": "Resende",
    "PostalCode": "08737-363",
    "Country": "Brazil"
  },
  {
    "CustomerID": 89,
    "CustomerName": "White Clover Markets",
    "ContactName": "Karl Jablonski",
    "Address": "305 - 14th Ave. S. Suite 3B",
    "City": "Seattle",
    "PostalCode": "98128",
    "Country": "USA"
  },
  {
    "CustomerID": 90,
    "CustomerName": "Wilman Kala",
    "ContactName": "Matti Karttunen",
    "Address": "Keskuskatu 45",
    "City": "Helsinki",
    "PostalCode": "21240",
    "Country": "Finland"
  },
  {
    "CustomerID": 91,
    "CustomerName": "Wolski",
    "ContactName": "Zbyszek",
    "Address": "ul. Filtrowa 68",
    "City": "Walla",
    "PostalCode": "01-012",
    "Country": "Poland"
  }
]
 
10:51:00.667 [main] DEBUG com.intuit.karate - request:
1 > POST https://reqres.in/api/users
1 > Content-Type: application/json; charset=UTF-8
1 > Content-Length: 34
1 > Host: reqres.in
1 > Connection: Keep-Alive
1 > User-Agent: Apache-HttpClient/4.5.14 (Java/17.0.12)
1 > Accept-Encoding: gzip,deflate
{"name":"William","job":"Sanchez"}

10:51:01.571 [main] DEBUG com.intuit.karate - response time in milliseconds: 898
1 < 201
1 < Date: Sun, 22 Dec 2024 15:51:01 GMT
1 < Content-Type: application/json; charset=utf-8
1 < Content-Length: 84
1 < Connection: keep-alive
1 < Report-To: {"group":"heroku-nel","max_age":3600,"endpoints":[{"url":"https://nel.heroku.com/reports?ts=1734882661&sid=c4c9725f-1ab0-44d8-820f-430df2718e11&s=Kqmwerhk3iIvrvcB%2FSC4dd5mgEyS3HuPebpWj2n2yr8%3D"}]}
1 < Reporting-Endpoints: heroku-nel=https://nel.heroku.com/reports?ts=1734882661&sid=c4c9725f-1ab0-44d8-820f-430df2718e11&s=Kqmwerhk3iIvrvcB%2FSC4dd5mgEyS3HuPebpWj2n2yr8%3D
1 < Nel: {"report_to":"heroku-nel","max_age":3600,"success_fraction":0.005,"failure_fraction":0.05,"response_headers":["Via"]}
1 < X-Powered-By: Express
1 < Access-Control-Allow-Origin: *
1 < Etag: W/"54-NQ7h064JIE/kPEa/F1/nvYFZ3/U"
1 < Via: 1.1 vegur
1 < cf-cache-status: DYNAMIC
1 < Server: cloudflare
1 < CF-RAY: 8f614558fc9eb502-SCL
1 < server-timing: cfL4;desc="?proto=TCP&rtt=61757&min_rtt=61121&rtt_var=17748&sent=7&recv=9&lost=0&retrans=0&sent_bytes=3107&recv_bytes=858&delivery_rate=69266&cwnd=245&unsent_bytes=0&cid=2971e97bc193f73e&ts=614&x=0"
{"name":"William","job":"Sanchez","id":"425","createdAt":"2024-12-22T15:51:01.640Z"}

10:51:01.587 [main] INFO  com.intuit.karate - [print] {
  "name": "William",
  "job": "Sanchez",
  "id": "425",
  "createdAt": "2024-12-22T15:51:01.640Z"
}
 
10:51:01.607 [main] DEBUG com.intuit.karate - request:
1 > POST https://reqres.in/api/users
1 > Content-Type: application/json; charset=UTF-8
1 > Content-Length: 30
1 > Host: reqres.in
1 > Connection: Keep-Alive
1 > User-Agent: Apache-HttpClient/4.5.14 (Java/17.0.12)
1 > Accept-Encoding: gzip,deflate
{"name":"Marina","job":"Gold"}

10:51:02.219 [main] DEBUG com.intuit.karate - response time in milliseconds: 611
1 < 201
1 < Date: Sun, 22 Dec 2024 15:51:02 GMT
1 < Content-Type: application/json; charset=utf-8
1 < Content-Length: 80
1 < Connection: keep-alive
1 < Report-To: {"group":"heroku-nel","max_age":3600,"endpoints":[{"url":"https://nel.heroku.com/reports?ts=1734882662&sid=c4c9725f-1ab0-44d8-820f-430df2718e11&s=GqoYRLQIqUgNBauU%2FsNcY9tTsyFFNqf0XQ9jmprmjqY%3D"}]}
1 < Reporting-Endpoints: heroku-nel=https://nel.heroku.com/reports?ts=1734882662&sid=c4c9725f-1ab0-44d8-820f-430df2718e11&s=GqoYRLQIqUgNBauU%2FsNcY9tTsyFFNqf0XQ9jmprmjqY%3D
1 < Nel: {"report_to":"heroku-nel","max_age":3600,"success_fraction":0.005,"failure_fraction":0.05,"response_headers":["Via"]}
1 < X-Powered-By: Express
1 < Access-Control-Allow-Origin: *
1 < Etag: W/"50-7/49GgtTRdI6MA11jdAvsLaOEG4"
1 < Via: 1.1 vegur
1 < cf-cache-status: DYNAMIC
1 < Server: cloudflare
1 < CF-RAY: 8f61455d69fcb52e-SCL
1 < server-timing: cfL4;desc="?proto=TCP&rtt=61257&min_rtt=60904&rtt_var=23546&sent=4&recv=7&lost=0&retrans=0&sent_bytes=219&recv_bytes=1109&delivery_rate=22155&cwnd=250&unsent_bytes=0&cid=27509f0e5020d7d7&ts=483&x=0"
{"name":"Marina","job":"Gold","id":"397","createdAt":"2024-12-22T15:51:02.298Z"}

10:51:02.222 [main] INFO  com.intuit.karate - [print] {
  "name": "Marina",
  "job": "Gold",
  "id": "397",
  "createdAt": "2024-12-22T15:51:02.298Z"
}
 
10:51:02.233 [main] DEBUG com.intuit.karate - request:
1 > POST https://reqres.in/api/users
1 > Content-Type: application/json; charset=UTF-8
1 > Content-Length: 27
1 > Host: reqres.in
1 > Connection: Keep-Alive
1 > User-Agent: Apache-HttpClient/4.5.14 (Java/17.0.12)
1 > Accept-Encoding: gzip,deflate
{"name":"Nacho","job":null}

10:51:02.964 [main] DEBUG com.intuit.karate - response time in milliseconds: 730
1 < 201
1 < Date: Sun, 22 Dec 2024 15:51:03 GMT
1 < Content-Type: application/json; charset=utf-8
1 < Content-Length: 77
1 < Connection: keep-alive
1 < Report-To: {"group":"heroku-nel","max_age":3600,"endpoints":[{"url":"https://nel.heroku.com/reports?ts=1734882663&sid=c4c9725f-1ab0-44d8-820f-430df2718e11&s=uZtfPFtaRSksrpvGyXv7zXOO7eO14nA1wGNMkmKuXS8%3D"}]}
1 < Reporting-Endpoints: heroku-nel=https://nel.heroku.com/reports?ts=1734882663&sid=c4c9725f-1ab0-44d8-820f-430df2718e11&s=uZtfPFtaRSksrpvGyXv7zXOO7eO14nA1wGNMkmKuXS8%3D
1 < Nel: {"report_to":"heroku-nel","max_age":3600,"success_fraction":0.005,"failure_fraction":0.05,"response_headers":["Via"]}
1 < X-Powered-By: Express
1 < Access-Control-Allow-Origin: *
1 < Etag: W/"4d-vrb6glpRofcz6UEwXET7WgraEOo"
1 < Via: 1.1 vegur
1 < cf-cache-status: DYNAMIC
1 < Server: cloudflare
1 < CF-RAY: 8f6145616feca780-EZE
1 < server-timing: cfL4;desc="?proto=TCP&rtt=63428&min_rtt=61863&rtt_var=15113&sent=6&recv=9&lost=0&retrans=0&sent_bytes=3106&recv_bytes=1106&delivery_rate=61592&cwnd=252&unsent_bytes=0&cid=bbc76652db89901a&ts=599&x=0"
{"name":"Nacho","job":null,"id":"526","createdAt":"2024-12-22T15:51:03.025Z"}

10:51:02.965 [main] INFO  com.intuit.karate - [print] {
  "name": "Nacho",
  "job": null,
  "id": "526",
  "createdAt": "2024-12-22T15:51:03.025Z"
}
 
10:51:02.974 [main] DEBUG com.intuit.karate - request:
1 > POST https://reqres.in/api/users
1 > Content-Type: application/json; charset=UTF-8
1 > Content-Length: 26
1 > Host: reqres.in
1 > Connection: Keep-Alive
1 > User-Agent: Apache-HttpClient/4.5.14 (Java/17.0.12)
1 > Accept-Encoding: gzip,deflate
{"name":null,"job":"Sims"}

10:51:03.589 [main] DEBUG com.intuit.karate - response time in milliseconds: 613
1 < 201
1 < Date: Sun, 22 Dec 2024 15:51:03 GMT
1 < Content-Type: application/json; charset=utf-8
1 < Content-Length: 76
1 < Connection: keep-alive
1 < Report-To: {"group":"heroku-nel","max_age":3600,"endpoints":[{"url":"https://nel.heroku.com/reports?ts=1734882663&sid=c4c9725f-1ab0-44d8-820f-430df2718e11&s=uZtfPFtaRSksrpvGyXv7zXOO7eO14nA1wGNMkmKuXS8%3D"}]}
1 < Reporting-Endpoints: heroku-nel=https://nel.heroku.com/reports?ts=1734882663&sid=c4c9725f-1ab0-44d8-820f-430df2718e11&s=uZtfPFtaRSksrpvGyXv7zXOO7eO14nA1wGNMkmKuXS8%3D
1 < Nel: {"report_to":"heroku-nel","max_age":3600,"success_fraction":0.005,"failure_fraction":0.05,"response_headers":["Via"]}
1 < X-Powered-By: Express
1 < Access-Control-Allow-Origin: *
1 < Etag: W/"4c-DXqI9cpVC9R4CpbmZm/WveXx944"
1 < Via: 1.1 vegur
1 < cf-cache-status: DYNAMIC
1 < Server: cloudflare
1 < CF-RAY: 8f614565fee5b4dd-SCL
1 < server-timing: cfL4;desc="?proto=TCP&rtt=58232&min_rtt=58101&rtt_var=16603&sent=5&recv=7&lost=0&retrans=0&sent_bytes=3107&recv_bytes=1105&delivery_rate=71624&cwnd=247&unsent_bytes=0&cid=da72303dfaafed50&ts=486&x=0"
{"name":null,"job":"Sims","id":"239","createdAt":"2024-12-22T15:51:03.665Z"}

10:51:03.591 [main] INFO  com.intuit.karate - [print] {
  "name": null,
  "job": "Sims",
  "id": "239",
  "createdAt": "2024-12-22T15:51:03.665Z"
}
 
10:51:42.926 [main] DEBUG com.intuit.karate - request:
1 > POST https://reqres.in/api/users
1 > Content-Type: application/json; charset=UTF-8
1 > Content-Length: 34
1 > Host: reqres.in
1 > Connection: Keep-Alive
1 > User-Agent: Apache-HttpClient/4.5.14 (Java/17.0.12)
1 > Accept-Encoding: gzip,deflate
{"name":"William","job":"Sanchez"}

10:51:43.779 [main] DEBUG com.intuit.karate - response time in milliseconds: 847
1 < 201
1 < Date: Sun, 22 Dec 2024 15:51:43 GMT
1 < Content-Type: application/json; charset=utf-8
1 < Content-Length: 84
1 < Connection: keep-alive
1 < Report-To: {"group":"heroku-nel","max_age":3600,"endpoints":[{"url":"https://nel.heroku.com/reports?ts=1734882703&sid=c4c9725f-1ab0-44d8-820f-430df2718e11&s=FgO%2FDjMkVdflrq0YzTtBYN5o5pcrUHHlim09kyMUPMU%3D"}]}
1 < Reporting-Endpoints: heroku-nel=https://nel.heroku.com/reports?ts=1734882703&sid=c4c9725f-1ab0-44d8-820f-430df2718e11&s=FgO%2FDjMkVdflrq0YzTtBYN5o5pcrUHHlim09kyMUPMU%3D
1 < Nel: {"report_to":"heroku-nel","max_age":3600,"success_fraction":0.005,"failure_fraction":0.05,"response_headers":["Via"]}
1 < X-Powered-By: Express
1 < Access-Control-Allow-Origin: *
1 < Etag: W/"54-ZMAaZNGy1e5xBN8vMe/xhvSWQAk"
1 < Via: 1.1 vegur
1 < cf-cache-status: DYNAMIC
1 < Server: cloudflare
1 < CF-RAY: 8f614660cb5de797-SCL
1 < server-timing: cfL4;desc="?proto=TCP&rtt=59507&min_rtt=58937&rtt_var=17712&sent=7&recv=8&lost=0&retrans=0&sent_bytes=3107&recv_bytes=858&delivery_rate=66781&cwnd=252&unsent_bytes=0&cid=92f3afb9a059c0fd&ts=615&x=0"
{"name":"William","job":"Sanchez","id":"545","createdAt":"2024-12-22T15:51:43.843Z"}

10:51:43.795 [main] INFO  com.intuit.karate - [print] {
  "name": "William",
  "job": "Sanchez",
  "id": "545",
  "createdAt": "2024-12-22T15:51:43.843Z"
}
 
10:51:43.815 [main] DEBUG com.intuit.karate - request:
1 > POST https://reqres.in/api/users
1 > Content-Type: application/json; charset=UTF-8
1 > Content-Length: 30
1 > Host: reqres.in
1 > Connection: Keep-Alive
1 > User-Agent: Apache-HttpClient/4.5.14 (Java/17.0.12)
1 > Accept-Encoding: gzip,deflate
{"name":"Marina","job":"Gold"}

10:51:44.446 [main] DEBUG com.intuit.karate - response time in milliseconds: 629
1 < 201
1 < Date: Sun, 22 Dec 2024 15:51:44 GMT
1 < Content-Type: application/json; charset=utf-8
1 < Content-Length: 80
1 < Connection: keep-alive
1 < Report-To: {"group":"heroku-nel","max_age":3600,"endpoints":[{"url":"https://nel.heroku.com/reports?ts=1734882704&sid=c4c9725f-1ab0-44d8-820f-430df2718e11&s=R1k%2FcYN8srXq2G7su%2BgzdWjHOtxjr6CjWM7p9IkleF0%3D"}]}
1 < Reporting-Endpoints: heroku-nel=https://nel.heroku.com/reports?ts=1734882704&sid=c4c9725f-1ab0-44d8-820f-430df2718e11&s=R1k%2FcYN8srXq2G7su%2BgzdWjHOtxjr6CjWM7p9IkleF0%3D
1 < Nel: {"report_to":"heroku-nel","max_age":3600,"success_fraction":0.005,"failure_fraction":0.05,"response_headers":["Via"]}
1 < X-Powered-By: Express
1 < Access-Control-Allow-Origin: *
1 < Etag: W/"50-XSlU6qT6v6W5Bcxf8L5Qf+M/u64"
1 < Via: 1.1 vegur
1 < cf-cache-status: DYNAMIC
1 < Server: cloudflare
1 < CF-RAY: 8f6146654ee5e9b2-SCL
1 < server-timing: cfL4;desc="?proto=TCP&rtt=65594&min_rtt=63140&rtt_var=25430&sent=3&recv=7&lost=0&retrans=0&sent_bytes=219&recv_bytes=1109&delivery_rate=22363&cwnd=243&unsent_bytes=0&cid=c6c86ac250942291&ts=487&x=0"
{"name":"Marina","job":"Gold","id":"536","createdAt":"2024-12-22T15:51:44.516Z"}

10:51:44.448 [main] INFO  com.intuit.karate - [print] {
  "name": "Marina",
  "job": "Gold",
  "id": "536",
  "createdAt": "2024-12-22T15:51:44.516Z"
}
 
10:51:44.457 [main] DEBUG com.intuit.karate - request:
1 > POST https://reqres.in/api/users
1 > Content-Type: application/json; charset=UTF-8
1 > Content-Length: 27
1 > Host: reqres.in
1 > Connection: Keep-Alive
1 > User-Agent: Apache-HttpClient/4.5.14 (Java/17.0.12)
1 > Accept-Encoding: gzip,deflate
{"name":"Nacho","job":null}

10:51:45.054 [main] DEBUG com.intuit.karate - response time in milliseconds: 596
1 < 201
1 < Date: Sun, 22 Dec 2024 15:51:45 GMT
1 < Content-Type: application/json; charset=utf-8
1 < Content-Length: 77
1 < Connection: keep-alive
1 < Report-To: {"group":"heroku-nel","max_age":3600,"endpoints":[{"url":"https://nel.heroku.com/reports?ts=1734882705&sid=c4c9725f-1ab0-44d8-820f-430df2718e11&s=JgTu8GuxViJ9n%2FUQGBBW%2BuaMIVtazVniwpxD%2BJzCTy8%3D"}]}
1 < Reporting-Endpoints: heroku-nel=https://nel.heroku.com/reports?ts=1734882705&sid=c4c9725f-1ab0-44d8-820f-430df2718e11&s=JgTu8GuxViJ9n%2FUQGBBW%2BuaMIVtazVniwpxD%2BJzCTy8%3D
1 < Nel: {"report_to":"heroku-nel","max_age":3600,"success_fraction":0.005,"failure_fraction":0.05,"response_headers":["Via"]}
1 < X-Powered-By: Express
1 < Access-Control-Allow-Origin: *
1 < Etag: W/"4d-N7WCLXCLHKgF7vj25tF3gjGmh/8"
1 < Via: 1.1 vegur
1 < cf-cache-status: DYNAMIC
1 < Server: cloudflare
1 < CF-RAY: 8f6146692bbee7a5-SCL
1 < server-timing: cfL4;desc="?proto=TCP&rtt=58226&min_rtt=58005&rtt_var=22195&sent=3&recv=7&lost=0&retrans=0&sent_bytes=219&recv_bytes=1106&delivery_rate=23620&cwnd=250&unsent_bytes=0&cid=4007828b0d2dc691&ts=474&x=0"
{"name":"Nacho","job":null,"id":"257","createdAt":"2024-12-22T15:51:45.132Z"}

10:51:45.056 [main] INFO  com.intuit.karate - [print] {
  "name": "Nacho",
  "job": null,
  "id": "257",
  "createdAt": "2024-12-22T15:51:45.132Z"
}
 
10:51:45.066 [main] DEBUG com.intuit.karate - request:
1 > POST https://reqres.in/api/users
1 > Content-Type: application/json; charset=UTF-8
1 > Content-Length: 26
1 > Host: reqres.in
1 > Connection: Keep-Alive
1 > User-Agent: Apache-HttpClient/4.5.14 (Java/17.0.12)
1 > Accept-Encoding: gzip,deflate
{"name":null,"job":"Sims"}

10:51:45.674 [main] DEBUG com.intuit.karate - response time in milliseconds: 606
1 < 201
1 < Date: Sun, 22 Dec 2024 15:51:45 GMT
1 < Content-Type: application/json; charset=utf-8
1 < Content-Length: 76
1 < Connection: keep-alive
1 < Report-To: {"group":"heroku-nel","max_age":3600,"endpoints":[{"url":"https://nel.heroku.com/reports?ts=1734882705&sid=c4c9725f-1ab0-44d8-820f-430df2718e11&s=JgTu8GuxViJ9n%2FUQGBBW%2BuaMIVtazVniwpxD%2BJzCTy8%3D"}]}
1 < Reporting-Endpoints: heroku-nel=https://nel.heroku.com/reports?ts=1734882705&sid=c4c9725f-1ab0-44d8-820f-430df2718e11&s=JgTu8GuxViJ9n%2FUQGBBW%2BuaMIVtazVniwpxD%2BJzCTy8%3D
1 < Nel: {"report_to":"heroku-nel","max_age":3600,"success_fraction":0.005,"failure_fraction":0.05,"response_headers":["Via"]}
1 < X-Powered-By: Express
1 < Access-Control-Allow-Origin: *
1 < Etag: W/"4c-LoDMLHLoAg/BBsgaQSydb5wjozs"
1 < Via: 1.1 vegur
1 < cf-cache-status: DYNAMIC
1 < Server: cloudflare
1 < CF-RAY: 8f61466d081eeaba-SCL
1 < server-timing: cfL4;desc="?proto=TCP&rtt=61111&min_rtt=60815&rtt_var=23398&sent=3&recv=6&lost=0&retrans=0&sent_bytes=219&recv_bytes=1105&delivery_rate=22347&cwnd=247&unsent_bytes=0&cid=a24362fb2b4c8c13&ts=478&x=0"
{"name":null,"job":"Sims","id":"812","createdAt":"2024-12-22T15:51:45.751Z"}

10:51:45.678 [main] INFO  com.intuit.karate - [print] {
  "name": null,
  "job": "Sims",
  "id": "812",
  "createdAt": "2024-12-22T15:51:45.751Z"
}
 
10:52:16.789 [main] DEBUG com.intuit.karate - request:
1 > POST https://reqres.in/api/users
1 > Content-Type: application/json; charset=UTF-8
1 > Content-Length: 34
1 > Host: reqres.in
1 > Connection: Keep-Alive
1 > User-Agent: Apache-HttpClient/4.5.14 (Java/17.0.12)
1 > Accept-Encoding: gzip,deflate
{"name":"William","job":"Sanchez"}

10:52:17.706 [main] DEBUG com.intuit.karate - response time in milliseconds: 912
1 < 201
1 < Date: Sun, 22 Dec 2024 15:52:17 GMT
1 < Content-Type: application/json; charset=utf-8
1 < Content-Length: 84
1 < Connection: keep-alive
1 < Report-To: {"group":"heroku-nel","max_age":3600,"endpoints":[{"url":"https://nel.heroku.com/reports?ts=1734882737&sid=c4c9725f-1ab0-44d8-820f-430df2718e11&s=EOyfprogkGCrytBINiRX00ti975hHm5f1NL0BA%2BW6zA%3D"}]}
1 < Reporting-Endpoints: heroku-nel=https://nel.heroku.com/reports?ts=1734882737&sid=c4c9725f-1ab0-44d8-820f-430df2718e11&s=EOyfprogkGCrytBINiRX00ti975hHm5f1NL0BA%2BW6zA%3D
1 < Nel: {"report_to":"heroku-nel","max_age":3600,"success_fraction":0.005,"failure_fraction":0.05,"response_headers":["Via"]}
1 < X-Powered-By: Express
1 < Access-Control-Allow-Origin: *
1 < Etag: W/"54-GnV7ee9Hr3P6YX0CKvAia0OYnaU"
1 < Via: 1.1 vegur
1 < cf-cache-status: DYNAMIC
1 < Server: cloudflare
1 < CF-RAY: 8f6147347cd2b4e6-SCL
1 < server-timing: cfL4;desc="?proto=TCP&rtt=59909&min_rtt=59475&rtt_var=17107&sent=7&recv=9&lost=0&retrans=0&sent_bytes=3106&recv_bytes=858&delivery_rate=71192&cwnd=252&unsent_bytes=0&cid=c98eb38336b86815&ts=664&x=0"
{"name":"William","job":"Sanchez","id":"938","createdAt":"2024-12-22T15:52:17.770Z"}

10:52:17.722 [main] INFO  com.intuit.karate - [print] {
  "name": "William",
  "job": "Sanchez",
  "id": "938",
  "createdAt": "2024-12-22T15:52:17.770Z"
}
 
10:52:17.740 [main] DEBUG com.intuit.karate - request:
1 > POST https://reqres.in/api/users
1 > Content-Type: application/json; charset=UTF-8
1 > Content-Length: 30
1 > Host: reqres.in
1 > Connection: Keep-Alive
1 > User-Agent: Apache-HttpClient/4.5.14 (Java/17.0.12)
1 > Accept-Encoding: gzip,deflate
{"name":"Marina","job":"Gold"}

10:52:18.416 [main] DEBUG com.intuit.karate - response time in milliseconds: 675
1 < 201
1 < Date: Sun, 22 Dec 2024 15:52:18 GMT
1 < Content-Type: application/json; charset=utf-8
1 < Content-Length: 80
1 < Connection: keep-alive
1 < Report-To: {"group":"heroku-nel","max_age":3600,"endpoints":[{"url":"https://nel.heroku.com/reports?ts=1734882738&sid=c4c9725f-1ab0-44d8-820f-430df2718e11&s=XykYa32ToMR8j1vRnCOnD2%2Fzloovh6NLMrArRhr%2FIq4%3D"}]}
1 < Reporting-Endpoints: heroku-nel=https://nel.heroku.com/reports?ts=1734882738&sid=c4c9725f-1ab0-44d8-820f-430df2718e11&s=XykYa32ToMR8j1vRnCOnD2%2Fzloovh6NLMrArRhr%2FIq4%3D
1 < Nel: {"report_to":"heroku-nel","max_age":3600,"success_fraction":0.005,"failure_fraction":0.05,"response_headers":["Via"]}
1 < X-Powered-By: Express
1 < Access-Control-Allow-Origin: *
1 < Etag: W/"50-nEOcyWVQVS9nMTSoSh/IDM3bRU4"
1 < Via: 1.1 vegur
1 < cf-cache-status: DYNAMIC
1 < Server: cloudflare
1 < CF-RAY: 8f6147395863e9a3-SCL
1 < server-timing: cfL4;desc="?proto=TCP&rtt=62953&min_rtt=60942&rtt_var=26876&sent=3&recv=7&lost=0&retrans=0&sent_bytes=219&recv_bytes=1109&delivery_rate=18329&cwnd=250&unsent_bytes=0&cid=4eb9e9f7726c766c&ts=543&x=0"
{"name":"Marina","job":"Gold","id":"601","createdAt":"2024-12-22T15:52:18.495Z"}

10:52:18.421 [main] INFO  com.intuit.karate - [print] {
  "name": "Marina",
  "job": "Gold",
  "id": "601",
  "createdAt": "2024-12-22T15:52:18.495Z"
}
 
10:52:18.433 [main] DEBUG com.intuit.karate - request:
1 > POST https://reqres.in/api/users
1 > Content-Type: application/json; charset=UTF-8
1 > Content-Length: 27
1 > Host: reqres.in
1 > Connection: Keep-Alive
1 > User-Agent: Apache-HttpClient/4.5.14 (Java/17.0.12)
1 > Accept-Encoding: gzip,deflate
{"name":"Nacho","job":null}

10:52:19.061 [main] DEBUG com.intuit.karate - response time in milliseconds: 626
1 < 201
1 < Date: Sun, 22 Dec 2024 15:52:19 GMT
1 < Content-Type: application/json; charset=utf-8
1 < Content-Length: 77
1 < Connection: keep-alive
1 < Report-To: {"group":"heroku-nel","max_age":3600,"endpoints":[{"url":"https://nel.heroku.com/reports?ts=1734882739&sid=c4c9725f-1ab0-44d8-820f-430df2718e11&s=GuNckGIhcYn0fWbU4UOE9E2lSJ2%2F2Z28Ljr5JxpbisA%3D"}]}
1 < Reporting-Endpoints: heroku-nel=https://nel.heroku.com/reports?ts=1734882739&sid=c4c9725f-1ab0-44d8-820f-430df2718e11&s=GuNckGIhcYn0fWbU4UOE9E2lSJ2%2F2Z28Ljr5JxpbisA%3D
1 < Nel: {"report_to":"heroku-nel","max_age":3600,"success_fraction":0.005,"failure_fraction":0.05,"response_headers":["Via"]}
1 < X-Powered-By: Express
1 < Access-Control-Allow-Origin: *
1 < Etag: W/"4d-/Ugga3utrKA7bQWKvZL4RKZ5nMU"
1 < Via: 1.1 vegur
1 < cf-cache-status: DYNAMIC
1 < Server: cloudflare
1 < CF-RAY: 8f61473d99cf0dd0-SCL
1 < server-timing: cfL4;desc="?proto=TCP&rtt=65574&min_rtt=64856&rtt_var=24834&sent=4&recv=7&lost=0&retrans=0&sent_bytes=219&recv_bytes=1106&delivery_rate=21771&cwnd=250&unsent_bytes=0&cid=5b22894c7de76967&ts=491&x=0"
{"name":"Nacho","job":null,"id":"145","createdAt":"2024-12-22T15:52:19.133Z"}

10:52:19.065 [main] INFO  com.intuit.karate - [print] {
  "name": "Nacho",
  "job": null,
  "id": "145",
  "createdAt": "2024-12-22T15:52:19.133Z"
}
 
10:52:19.083 [main] DEBUG com.intuit.karate - request:
1 > POST https://reqres.in/api/users
1 > Content-Type: application/json; charset=UTF-8
1 > Content-Length: 26
1 > Host: reqres.in
1 > Connection: Keep-Alive
1 > User-Agent: Apache-HttpClient/4.5.14 (Java/17.0.12)
1 > Accept-Encoding: gzip,deflate
{"name":null,"job":"Sims"}

10:52:19.701 [main] DEBUG com.intuit.karate - response time in milliseconds: 617
1 < 201
1 < Date: Sun, 22 Dec 2024 15:52:19 GMT
1 < Content-Type: application/json; charset=utf-8
1 < Content-Length: 76
1 < Connection: keep-alive
1 < Report-To: {"group":"heroku-nel","max_age":3600,"endpoints":[{"url":"https://nel.heroku.com/reports?ts=1734882739&sid=c4c9725f-1ab0-44d8-820f-430df2718e11&s=GuNckGIhcYn0fWbU4UOE9E2lSJ2%2F2Z28Ljr5JxpbisA%3D"}]}
1 < Reporting-Endpoints: heroku-nel=https://nel.heroku.com/reports?ts=1734882739&sid=c4c9725f-1ab0-44d8-820f-430df2718e11&s=GuNckGIhcYn0fWbU4UOE9E2lSJ2%2F2Z28Ljr5JxpbisA%3D
1 < Nel: {"report_to":"heroku-nel","max_age":3600,"success_fraction":0.005,"failure_fraction":0.05,"response_headers":["Via"]}
1 < X-Powered-By: Express
1 < Access-Control-Allow-Origin: *
1 < Etag: W/"4c-uNmhqgIMGf8eyxskeIONVE8H1jE"
1 < Via: 1.1 vegur
1 < cf-cache-status: DYNAMIC
1 < Server: cloudflare
1 < CF-RAY: 8f614741aa28a5e2-SCL
1 < server-timing: cfL4;desc="?proto=TCP&rtt=62072&min_rtt=61941&rtt_var=23490&sent=3&recv=7&lost=0&retrans=0&sent_bytes=219&recv_bytes=1105&delivery_rate=22415&cwnd=250&unsent_bytes=0&cid=1ba4fb20196836d7&ts=485&x=0"
{"name":null,"job":"Sims","id":"427","createdAt":"2024-12-22T15:52:19.776Z"}

10:52:19.705 [main] INFO  com.intuit.karate - [print] {
  "name": null,
  "job": "Sims",
  "id": "427",
  "createdAt": "2024-12-22T15:52:19.776Z"
}
 
10:53:06.133 [main] INFO  util.DbUtils - init jdbc template: jdbc:mysql://localhost:3306/northwind
10:53:06.386 [main] INFO  com.intuit.karate - [print] Usuarios: [
  {
    "CustomerID": 1,
    "CustomerName": "Alfreds Futterkiste",
    "ContactName": "Maria Anders",
    "Address": "Obere Str. 57",
    "City": "Berlin",
    "PostalCode": "12209",
    "Country": "Germany"
  },
  {
    "CustomerID": 2,
    "CustomerName": "Ana Trujillo Emparedados y helados",
    "ContactName": "Ana Trujillo",
    "Address": "Avda. de la Constitución 2222",
    "City": "México D.F.",
    "PostalCode": "5021",
    "Country": "Mexico"
  },
  {
    "CustomerID": 3,
    "CustomerName": "Antonio Moreno Taquería",
    "ContactName": "Antonio Moreno",
    "Address": "Mataderos 2312",
    "City": "México D.F.",
    "PostalCode": "5023",
    "Country": "Mexico"
  },
  {
    "CustomerID": 4,
    "CustomerName": "Around the Horn",
    "ContactName": "Thomas Hardy",
    "Address": "120 Hanover Sq.",
    "City": "London",
    "PostalCode": "WA1 1DP",
    "Country": "UK"
  },
  {
    "CustomerID": 5,
    "CustomerName": "Berglunds snabbköp",
    "ContactName": "Christina Berglund",
    "Address": "Berguvsvägen 8",
    "City": "Luleå",
    "PostalCode": "S-958 22",
    "Country": "Sweden"
  },
  {
    "CustomerID": 6,
    "CustomerName": "Blauer See Delikatessen",
    "ContactName": "Hanna Moos",
    "Address": "Forsterstr. 57",
    "City": "Mannheim",
    "PostalCode": "68306",
    "Country": "Germany"
  },
  {
    "CustomerID": 7,
    "CustomerName": "Blondel père et fils",
    "ContactName": "Frédérique Citeaux",
    "Address": "24, place Kléber",
    "City": "Strasbourg",
    "PostalCode": "67000",
    "Country": "France"
  },
  {
    "CustomerID": 8,
    "CustomerName": "Bólido Comidas preparadas",
    "ContactName": "Martín Sommer",
    "Address": "C/ Araquil, 67",
    "City": "Madrid",
    "PostalCode": "28023",
    "Country": "Spain"
  },
  {
    "CustomerID": 9,
    "CustomerName": "Bon app''",
    "ContactName": "Laurence Lebihans",
    "Address": "12, rue des Bouchers",
    "City": "Marseille",
    "PostalCode": "13008",
    "Country": "France"
  },
  {
    "CustomerID": 10,
    "CustomerName": "Bottom-Dollar Marketse",
    "ContactName": "Elizabeth Lincoln",
    "Address": "23 Tsawassen Blvd.",
    "City": "Tsawassen",
    "PostalCode": "T2F 8M4",
    "Country": "Canada"
  },
  {
    "CustomerID": 11,
    "CustomerName": "B''s Beverages",
    "ContactName": "Victoria Ashworth",
    "Address": "Fauntleroy Circus",
    "City": "London",
    "PostalCode": "EC2 5NT",
    "Country": "UK"
  },
  {
    "CustomerID": 12,
    "CustomerName": "Cactus Comidas para llevar",
    "ContactName": "Patricio Simpson",
    "Address": "Cerrito 333",
    "City": "Buenos Aires",
    "PostalCode": "1010",
    "Country": "Argentina"
  },
  {
    "CustomerID": 13,
    "CustomerName": "Centro comercial Moctezuma",
    "ContactName": "Francisco Chang",
    "Address": "Sierras de Granada 9993",
    "City": "México D.F.",
    "PostalCode": "5022",
    "Country": "Mexico"
  },
  {
    "CustomerID": 14,
    "CustomerName": "Chop-suey Chinese",
    "ContactName": "Yang Wang",
    "Address": "Hauptstr. 29",
    "City": "Bern",
    "PostalCode": "3012",
    "Country": "Switzerland"
  },
  {
    "CustomerID": 15,
    "CustomerName": "Comércio Mineiro",
    "ContactName": "Pedro Afonso",
    "Address": "Av. dos Lusíadas, 23",
    "City": "São Paulo",
    "PostalCode": "05432-043",
    "Country": "Brazil"
  },
  {
    "CustomerID": 16,
    "CustomerName": "Consolidated Holdings",
    "ContactName": "Elizabeth Brown",
    "Address": "Berkeley Gardens 12 Brewery",
    "City": "London",
    "PostalCode": "WX1 6LT",
    "Country": "UK"
  },
  {
    "CustomerID": 17,
    "CustomerName": "Drachenblut Delikatessend",
    "ContactName": "Sven Ottlieb",
    "Address": "Walserweg 21",
    "City": "Aachen",
    "PostalCode": "52066",
    "Country": "Germany"
  },
  {
    "CustomerID": 18,
    "CustomerName": "Du monde entier",
    "ContactName": "Janine Labrune",
    "Address": "67, rue des Cinquante Otages",
    "City": "Nantes",
    "PostalCode": "44000",
    "Country": "France"
  },
  {
    "CustomerID": 19,
    "CustomerName": "Eastern Connection",
    "ContactName": "Ann Devon",
    "Address": "35 King George",
    "City": "London",
    "PostalCode": "WX3 6FW",
    "Country": "UK"
  },
  {
    "CustomerID": 20,
    "CustomerName": "Ernst Handel",
    "ContactName": "Roland Mendel",
    "Address": "Kirchgasse 6",
    "City": "Graz",
    "PostalCode": "8010",
    "Country": "Austria"
  },
  {
    "CustomerID": 21,
    "CustomerName": "Familia Arquibaldo",
    "ContactName": "Aria Cruz",
    "Address": "Rua Orós, 92",
    "City": "São Paulo",
    "PostalCode": "05442-030",
    "Country": "Brazil"
  },
  {
    "CustomerID": 22,
    "CustomerName": "FISSA Fabrica Inter. Salchichas S.A.",
    "ContactName": "Diego Roel",
    "Address": "C/ Moralzarzal, 86",
    "City": "Madrid",
    "PostalCode": "28034",
    "Country": "Spain"
  },
  {
    "CustomerID": 23,
    "CustomerName": "Folies gourmandes",
    "ContactName": "Martine Rancé",
    "Address": "184, chaussée de Tournai",
    "City": "Lille",
    "PostalCode": "59000",
    "Country": "France"
  },
  {
    "CustomerID": 24,
    "CustomerName": "Folk och fä HB",
    "ContactName": "Maria Larsson",
    "Address": "Åkergatan 24",
    "City": "Bräcke",
    "PostalCode": "S-844 67",
    "Country": "Sweden"
  },
  {
    "CustomerID": 25,
    "CustomerName": "Frankenversand",
    "ContactName": "Peter Franken",
    "Address": "Berliner Platz 43",
    "City": "München",
    "PostalCode": "80805",
    "Country": "Germany"
  },
  {
    "CustomerID": 26,
    "CustomerName": "France restauration",
    "ContactName": "Carine Schmitt",
    "Address": "54, rue Royale",
    "City": "Nantes",
    "PostalCode": "44000",
    "Country": "France"
  },
  {
    "CustomerID": 27,
    "CustomerName": "Franchi S.p.A.",
    "ContactName": "Paolo Accorti",
    "Address": "Via Monte Bianco 34",
    "City": "Torino",
    "PostalCode": "10100",
    "Country": "Italy"
  },
  {
    "CustomerID": 28,
    "CustomerName": "Furia Bacalhau e Frutos do Mar",
    "ContactName": "Lino Rodriguez",
    "Address": "Jardim das rosas n. 32",
    "City": "Lisboa",
    "PostalCode": "1675",
    "Country": "Portugal"
  },
  {
    "CustomerID": 29,
    "CustomerName": "Galería del gastrónomo",
    "ContactName": "Eduardo Saavedra",
    "Address": "Rambla de Cataluña, 23",
    "City": "Barcelona",
    "PostalCode": "8022",
    "Country": "Spain"
  },
  {
    "CustomerID": 30,
    "CustomerName": "Godos Cocina Típica",
    "ContactName": "José Pedro Freyre",
    "Address": "C/ Romero, 33",
    "City": "Sevilla",
    "PostalCode": "41101",
    "Country": "Spain"
  },
  {
    "CustomerID": 31,
    "CustomerName": "Gourmet Lanchonetes",
    "ContactName": "André Fonseca",
    "Address": "Av. Brasil, 442",
    "City": "Campinas",
    "PostalCode": "04876-786",
    "Country": "Brazil"
  },
  {
    "CustomerID": 32,
    "CustomerName": "Great Lakes Food Market",
    "ContactName": "Howard Snyder",
    "Address": "2732 Baker Blvd.",
    "City": "Eugene",
    "PostalCode": "97403",
    "Country": "USA"
  },
  {
    "CustomerID": 33,
    "CustomerName": "GROSELLA-Restaurante",
    "ContactName": "Manuel Pereira",
    "Address": "5ª Ave. Los Palos Grandes",
    "City": "Caracas",
    "PostalCode": "1081",
    "Country": "Venezuela"
  },
  {
    "CustomerID": 34,
    "CustomerName": "Hanari Carnes",
    "ContactName": "Mario Pontes",
    "Address": "Rua do Paço, 67",
    "City": "Rio de Janeiro",
    "PostalCode": "05454-876",
    "Country": "Brazil"
  },
  {
    "CustomerID": 35,
    "CustomerName": "HILARIÓN-Abastos",
    "ContactName": "Carlos Hernández",
    "Address": "Carrera 22 con Ave. Carlos Soublette #8-35",
    "City": "San Cristóbal",
    "PostalCode": "5022",
    "Country": "Venezuela"
  },
  {
    "CustomerID": 36,
    "CustomerName": "Hungry Coyote Import Store",
    "ContactName": "Yoshi Latimer",
    "Address": "City Center Plaza 516 Main St.",
    "City": "Elgin",
    "PostalCode": "97827",
    "Country": "USA"
  },
  {
    "CustomerID": 37,
    "CustomerName": "Hungry Owl All-Night Grocers",
    "ContactName": "Patricia McKenna",
    "Address": "8 Johnstown Road",
    "City": "Cork",
    "PostalCode": "",
    "Country": "Ireland"
  },
  {
    "CustomerID": 38,
    "CustomerName": "Island Trading",
    "ContactName": "Helen Bennett",
    "Address": "Garden House Crowther Way",
    "City": "Cowes",
    "PostalCode": "PO31 7PJ",
    "Country": "UK"
  },
  {
    "CustomerID": 39,
    "CustomerName": "Königlich Essen",
    "ContactName": "Philip Cramer",
    "Address": "Maubelstr. 90",
    "City": "Brandenburg",
    "PostalCode": "14776",
    "Country": "Germany"
  },
  {
    "CustomerID": 40,
    "CustomerName": "La corne d''abondance",
    "ContactName": "Daniel Tonini",
    "Address": "67, avenue de l''Europe",
    "City": "Versailles",
    "PostalCode": "78000",
    "Country": "France"
  },
  {
    "CustomerID": 41,
    "CustomerName": "La maison d''Asie",
    "ContactName": "Annette Roulet",
    "Address": "1 rue Alsace-Lorraine",
    "City": "Toulouse",
    "PostalCode": "31000",
    "Country": "France"
  },
  {
    "CustomerID": 42,
    "CustomerName": "Laughing Bacchus Wine Cellars",
    "ContactName": "Yoshi Tannamuri",
    "Address": "1900 Oak St.",
    "City": "Vancouver",
    "PostalCode": "V3F 2K1",
    "Country": "Canada"
  },
  {
    "CustomerID": 43,
    "CustomerName": "Lazy K Kountry Store",
    "ContactName": "John Steel",
    "Address": "12 Orchestra Terrace",
    "City": "Walla Walla",
    "PostalCode": "99362",
    "Country": "USA"
  },
  {
    "CustomerID": 44,
    "CustomerName": "Lehmanns Marktstand",
    "ContactName": "Renate Messner",
    "Address": "Magazinweg 7",
    "City": "Frankfurt a.M.",
    "PostalCode": "60528",
    "Country": "Germany"
  },
  {
    "CustomerID": 45,
    "CustomerName": "Let''s Stop N Shop",
    "ContactName": "Jaime Yorres",
    "Address": "87 Polk St. Suite 5",
    "City": "San Francisco",
    "PostalCode": "94117",
    "Country": "USA"
  },
  {
    "CustomerID": 46,
    "CustomerName": "LILA-Supermercado",
    "ContactName": "Carlos González",
    "Address": "Carrera 52 con Ave. Bolívar #65-98 Llano Largo",
    "City": "Barquisimeto",
    "PostalCode": "3508",
    "Country": "Venezuela"
  },
  {
    "CustomerID": 47,
    "CustomerName": "LINO-Delicateses",
    "ContactName": "Felipe Izquierdo",
    "Address": "Ave. 5 de Mayo Porlamar",
    "City": "I. de Margarita",
    "PostalCode": "4980",
    "Country": "Venezuela"
  },
  {
    "CustomerID": 48,
    "CustomerName": "Lonesome Pine Restaurant",
    "ContactName": "Fran Wilson",
    "Address": "89 Chiaroscuro Rd.",
    "City": "Portland",
    "PostalCode": "97219",
    "Country": "USA"
  },
  {
    "CustomerID": 49,
    "CustomerName": "Magazzini Alimentari Riuniti",
    "ContactName": "Giovanni Rovelli",
    "Address": "Via Ludovico il Moro 22",
    "City": "Bergamo",
    "PostalCode": "24100",
    "Country": "Italy"
  },
  {
    "CustomerID": 50,
    "CustomerName": "Maison Dewey",
    "ContactName": "Catherine Dewey",
    "Address": "Rue Joseph-Bens 532",
    "City": "Bruxelles",
    "PostalCode": "B-1180",
    "Country": "Belgium"
  },
  {
    "CustomerID": 51,
    "CustomerName": "Mère Paillarde",
    "ContactName": "Jean Fresnière",
    "Address": "43 rue St. Laurent",
    "City": "Montréal",
    "PostalCode": "H1J 1C3",
    "Country": "Canada"
  },
  {
    "CustomerID": 52,
    "CustomerName": "Morgenstern Gesundkost",
    "ContactName": "Alexander Feuer",
    "Address": "Heerstr. 22",
    "City": "Leipzig",
    "PostalCode": "4179",
    "Country": "Germany"
  },
  {
    "CustomerID": 53,
    "CustomerName": "North/South",
    "ContactName": "Simon Crowther",
    "Address": "South House 300 Queensbridge",
    "City": "London",
    "PostalCode": "SW7 1RZ",
    "Country": "UK"
  },
  {
    "CustomerID": 54,
    "CustomerName": "Océano Atlántico Ltda.",
    "ContactName": "Yvonne Moncada",
    "Address": "Ing. Gustavo Moncada 8585 Piso 20-A",
    "City": "Buenos Aires",
    "PostalCode": "1010",
    "Country": "Argentina"
  },
  {
    "CustomerID": 55,
    "CustomerName": "Old World Delicatessen",
    "ContactName": "Rene Phillips",
    "Address": "2743 Bering St.",
    "City": "Anchorage",
    "PostalCode": "99508",
    "Country": "USA"
  },
  {
    "CustomerID": 56,
    "CustomerName": "Ottilies Käseladen",
    "ContactName": "Henriette Pfalzheim",
    "Address": "Mehrheimerstr. 369",
    "City": "Köln",
    "PostalCode": "50739",
    "Country": "Germany"
  },
  {
    "CustomerID": 57,
    "CustomerName": "Paris spécialités",
    "ContactName": "Marie Bertrand",
    "Address": "265, boulevard Charonne",
    "City": "Paris",
    "PostalCode": "75012",
    "Country": "France"
  },
  {
    "CustomerID": 58,
    "CustomerName": "Pericles Comidas clásicas",
    "ContactName": "Guillermo Fernández",
    "Address": "Calle Dr. Jorge Cash 321",
    "City": "México D.F.",
    "PostalCode": "5033",
    "Country": "Mexico"
  },
  {
    "CustomerID": 59,
    "CustomerName": "Piccolo und mehr",
    "ContactName": "Georg Pipps",
    "Address": "Geislweg 14",
    "City": "Salzburg",
    "PostalCode": "5020",
    "Country": "Austria"
  },
  {
    "CustomerID": 60,
    "CustomerName": "Princesa Isabel Vinhoss",
    "ContactName": "Isabel de Castro",
    "Address": "Estrada da saúde n. 58",
    "City": "Lisboa",
    "PostalCode": "1756",
    "Country": "Portugal"
  },
  {
    "CustomerID": 61,
    "CustomerName": "Que Delícia",
    "ContactName": "Bernardo Batista",
    "Address": "Rua da Panificadora, 12",
    "City": "Rio de Janeiro",
    "PostalCode": "02389-673",
    "Country": "Brazil"
  },
  {
    "CustomerID": 62,
    "CustomerName": "Queen Cozinha",
    "ContactName": "Lúcia Carvalho",
    "Address": "Alameda dos Canàrios, 891",
    "City": "São Paulo",
    "PostalCode": "05487-020",
    "Country": "Brazil"
  },
  {
    "CustomerID": 63,
    "CustomerName": "QUICK-Stop",
    "ContactName": "Horst Kloss",
    "Address": "Taucherstraße 10",
    "City": "Cunewalde",
    "PostalCode": "1307",
    "Country": "Germany"
  },
  {
    "CustomerID": 64,
    "CustomerName": "Rancho grande",
    "ContactName": "Sergio Gutiérrez",
    "Address": "Av. del Libertador 900",
    "City": "Buenos Aires",
    "PostalCode": "1010",
    "Country": "Argentina"
  },
  {
    "CustomerID": 65,
    "CustomerName": "Rattlesnake Canyon Grocery",
    "ContactName": "Paula Wilson",
    "Address": "2817 Milton Dr.",
    "City": "Albuquerque",
    "PostalCode": "87110",
    "Country": "USA"
  },
  {
    "CustomerID": 66,
    "CustomerName": "Reggiani Caseifici",
    "ContactName": "Maurizio Moroni",
    "Address": "Strada Provinciale 124",
    "City": "Reggio Emilia",
    "PostalCode": "42100",
    "Country": "Italy"
  },
  {
    "CustomerID": 67,
    "CustomerName": "Ricardo Adocicados",
    "ContactName": "Janete Limeira",
    "Address": "Av. Copacabana, 267",
    "City": "Rio de Janeiro",
    "PostalCode": "02389-890",
    "Country": "Brazil"
  },
  {
    "CustomerID": 68,
    "CustomerName": "Richter Supermarkt",
    "ContactName": "Michael Holz",
    "Address": "Grenzacherweg 237",
    "City": "Genève",
    "PostalCode": "1203",
    "Country": "Switzerland"
  },
  {
    "CustomerID": 69,
    "CustomerName": "Romero y tomillo",
    "ContactName": "Alejandra Camino",
    "Address": "Gran Vía, 1",
    "City": "Madrid",
    "PostalCode": "28001",
    "Country": "Spain"
  },
  {
    "CustomerID": 70,
    "CustomerName": "Santé Gourmet",
    "ContactName": "Jonas Bergulfsen",
    "Address": "Erling Skakkes gate 78",
    "City": "Stavern",
    "PostalCode": "4110",
    "Country": "Norway"
  },
  {
    "CustomerID": 71,
    "CustomerName": "Save-a-lot Markets",
    "ContactName": "Jose Pavarotti",
    "Address": "187 Suffolk Ln.",
    "City": "Boise",
    "PostalCode": "83720",
    "Country": "USA"
  },
  {
    "CustomerID": 72,
    "CustomerName": "Seven Seas Imports",
    "ContactName": "Hari Kumar",
    "Address": "90 Wadhurst Rd.",
    "City": "London",
    "PostalCode": "OX15 4NB",
    "Country": "UK"
  },
  {
    "CustomerID": 73,
    "CustomerName": "Simons bistro",
    "ContactName": "Jytte Petersen",
    "Address": "Vinbæltet 34",
    "City": "København",
    "PostalCode": "1734",
    "Country": "Denmark"
  },
  {
    "CustomerID": 74,
    "CustomerName": "Spécialités du monde",
    "ContactName": "Dominique Perrier",
    "Address": "25, rue Lauriston",
    "City": "Paris",
    "PostalCode": "75016",
    "Country": "France"
  },
  {
    "CustomerID": 75,
    "CustomerName": "Split Rail Beer & Ale",
    "ContactName": "Art Braunschweiger",
    "Address": "P.O. Box 555",
    "City": "Lander",
    "PostalCode": "82520",
    "Country": "USA"
  },
  {
    "CustomerID": 76,
    "CustomerName": "Suprêmes délices",
    "ContactName": "Pascale Cartrain",
    "Address": "Boulevard Tirou, 255",
    "City": "Charleroi",
    "PostalCode": "B-6000",
    "Country": "Belgium"
  },
  {
    "CustomerID": 77,
    "CustomerName": "The Big Cheese",
    "ContactName": "Liz Nixon",
    "Address": "89 Jefferson Way Suite 2",
    "City": "Portland",
    "PostalCode": "97201",
    "Country": "USA"
  },
  {
    "CustomerID": 78,
    "CustomerName": "The Cracker Box",
    "ContactName": "Liu Wong",
    "Address": "55 Grizzly Peak Rd.",
    "City": "Butte",
    "PostalCode": "59801",
    "Country": "USA"
  },
  {
    "CustomerID": 79,
    "CustomerName": "Toms Spezialitäten",
    "ContactName": "Karin Josephs",
    "Address": "Luisenstr. 48",
    "City": "Münster",
    "PostalCode": "44087",
    "Country": "Germany"
  },
  {
    "CustomerID": 80,
    "CustomerName": "Tortuga Restaurante",
    "ContactName": "Miguel Angel Paolino",
    "Address": "Avda. Azteca 123",
    "City": "México D.F.",
    "PostalCode": "5033",
    "Country": "Mexico"
  },
  {
    "CustomerID": 81,
    "CustomerName": "Tradição Hipermercados",
    "ContactName": "Anabela Domingues",
    "Address": "Av. Inês de Castro, 414",
    "City": "São Paulo",
    "PostalCode": "05634-030",
    "Country": "Brazil"
  },
  {
    "CustomerID": 82,
    "CustomerName": "Trail''s Head Gourmet Provisioners",
    "ContactName": "Helvetius Nagy",
    "Address": "722 DaVinci Blvd.",
    "City": "Kirkland",
    "PostalCode": "98034",
    "Country": "USA"
  },
  {
    "CustomerID": 83,
    "CustomerName": "Vaffeljernet",
    "ContactName": "Palle Ibsen",
    "Address": "Smagsløget 45",
    "City": "Århus",
    "PostalCode": "8200",
    "Country": "Denmark"
  },
  {
    "CustomerID": 84,
    "CustomerName": "Victuailles en stock",
    "ContactName": "Mary Saveley",
    "Address": "2, rue du Commerce",
    "City": "Lyon",
    "PostalCode": "69004",
    "Country": "France"
  },
  {
    "CustomerID": 85,
    "CustomerName": "Vins et alcools Chevalier",
    "ContactName": "Paul Henriot",
    "Address": "59 rue de l''Abbaye",
    "City": "Reims",
    "PostalCode": "51100",
    "Country": "France"
  },
  {
    "CustomerID": 86,
    "CustomerName": "Die Wandernde Kuh",
    "ContactName": "Rita Müller",
    "Address": "Adenauerallee 900",
    "City": "Stuttgart",
    "PostalCode": "70563",
    "Country": "Germany"
  },
  {
    "CustomerID": 87,
    "CustomerName": "Wartian Herkku",
    "ContactName": "Pirkko Koskitalo",
    "Address": "Torikatu 38",
    "City": "Oulu",
    "PostalCode": "90110",
    "Country": "Finland"
  },
  {
    "CustomerID": 88,
    "CustomerName": "Wellington Importadora",
    "ContactName": "Paula Parente",
    "Address": "Rua do Mercado, 12",
    "City": "Resende",
    "PostalCode": "08737-363",
    "Country": "Brazil"
  },
  {
    "CustomerID": 89,
    "CustomerName": "White Clover Markets",
    "ContactName": "Karl Jablonski",
    "Address": "305 - 14th Ave. S. Suite 3B",
    "City": "Seattle",
    "PostalCode": "98128",
    "Country": "USA"
  },
  {
    "CustomerID": 90,
    "CustomerName": "Wilman Kala",
    "ContactName": "Matti Karttunen",
    "Address": "Keskuskatu 45",
    "City": "Helsinki",
    "PostalCode": "21240",
    "Country": "Finland"
  },
  {
    "CustomerID": 91,
    "CustomerName": "Wolski",
    "ContactName": "Zbyszek",
    "Address": "ul. Filtrowa 68",
    "City": "Walla",
    "PostalCode": "01-012",
    "Country": "Poland"
  }
]
 
